2023-04-10T14:41:54.458+05:30  INFO 10032 --- [main] .a.PhysicianAvailabilityApplicationTests : Starting PhysicianAvailabilityApplicationTests using Java 17.0.6 with PID 10032 (started by SANGEETHA in C:\Users\SANGEETHA\Desktop\PMS\Microservices\g3-physician-availability-service)
2023-04-10T14:41:54.480+05:30  INFO 10032 --- [main] .a.PhysicianAvailabilityApplicationTests : No active profile set, falling back to 1 default profile: "default"
2023-04-10T14:41:56.526+05:30  INFO 10032 --- [main] .s.d.r.c.RepositoryConfigurationDelegate : Bootstrapping Spring Data JPA repositories in DEFAULT mode.
2023-04-10T14:41:56.950+05:30  INFO 10032 --- [main] .s.d.r.c.RepositoryConfigurationDelegate : Finished Spring Data repository scanning in 403 ms. Found 2 JPA repository interfaces.
2023-04-10T14:41:58.201+05:30  INFO 10032 --- [main] o.s.cloud.context.scope.GenericScope     : BeanFactory id=fc938cf4-8a29-33ab-8889-ecfc8addbce2
2023-04-10T14:41:59.562+05:30  INFO 10032 --- [main] trationDelegate$BeanPostProcessorChecker : Bean 'org.springframework.ws.config.annotation.DelegatingWsConfiguration' of type [org.springframework.ws.config.annotation.DelegatingWsConfiguration$$SpringCGLIB$$0] is not eligible for getting processed by all BeanPostProcessors (for example: not eligible for auto-proxying)
2023-04-10T14:41:59.661+05:30  INFO 10032 --- [main] .w.s.a.s.AnnotationActionEndpointMapping : Supporting [WS-Addressing August 2004, WS-Addressing 1.0]
2023-04-10T14:42:00.001+05:30  INFO 10032 --- [main] o.hibernate.jpa.internal.util.LogHelper  : HHH000204: Processing PersistenceUnitInfo [name: default]
2023-04-10T14:42:00.134+05:30  INFO 10032 --- [main] org.hibernate.Version                    : HHH000412: Hibernate ORM core version 6.1.7.Final
2023-04-10T14:42:00.500+05:30  INFO 10032 --- [main] com.zaxxer.hikari.HikariDataSource       : HikariPool-1 - Starting...
2023-04-10T14:42:00.846+05:30  INFO 10032 --- [main] com.zaxxer.hikari.pool.HikariPool        : HikariPool-1 - Added connection com.mysql.cj.jdbc.ConnectionImpl@16732340
2023-04-10T14:42:00.850+05:30  INFO 10032 --- [main] com.zaxxer.hikari.HikariDataSource       : HikariPool-1 - Start completed.
2023-04-10T14:42:00.999+05:30  INFO 10032 --- [main] SQL dialect                              : HHH000400: Using dialect: org.hibernate.dialect.MySQLDialect
2023-04-10T14:42:02.381+05:30  INFO 10032 --- [main] o.h.e.t.j.p.i.JtaPlatformInitiator       : HHH000490: Using JtaPlatform implementation: [org.hibernate.engine.transaction.jta.platform.internal.NoJtaPlatform]
2023-04-10T14:42:02.405+05:30  INFO 10032 --- [main] j.LocalContainerEntityManagerFactoryBean : Initialized JPA EntityManagerFactory for persistence unit 'default'
2023-04-10T14:42:03.267+05:30  WARN 10032 --- [main] JpaBaseConfiguration$JpaWebConfiguration : spring.jpa.open-in-view is enabled by default. Therefore, database queries may be performed during view rendering. Explicitly configure spring.jpa.open-in-view to disable this warning
2023-04-10T14:42:05.836+05:30  INFO 10032 --- [main] o.s.cloud.commons.util.InetUtils         : Cannot determine local hostname
2023-04-10T14:42:07.211+05:30  INFO 10032 --- [main] o.s.cloud.commons.util.InetUtils         : Cannot determine local hostname
2023-04-10T14:42:07.518+05:30  WARN 10032 --- [main] iguration$LoadBalancerCaffeineWarnLogger : Spring Cloud LoadBalancer is currently working with the default cache. While this cache implementation is useful for development and tests, it's recommended to use Caffeine cache in production.You can switch to using Caffeine cache, by adding it and org.springframework.cache.caffeine.CaffeineCacheManager to the classpath.
2023-04-10T14:42:07.532+05:30  INFO 10032 --- [main] o.s.b.a.e.web.EndpointLinksResolver      : Exposing 1 endpoint(s) beneath base path '/actuator'
2023-04-10T14:42:07.695+05:30 ERROR 10032 --- [catalogWatchTaskScheduler-1] o.s.c.c.discovery.ConsulDiscoveryClient  : Error watching Consul CatalogServices

com.ecwid.consul.transport.TransportException: org.apache.http.conn.HttpHostConnectException: Connect to localhost:8500 [localhost/127.0.0.1, localhost/0:0:0:0:0:0:0:1] failed: Connection refused: no further information
	at com.ecwid.consul.transport.AbstractHttpTransport.executeRequest(AbstractHttpTransport.java:83) ~[consul-api-1.4.5.jar:na]
	at com.ecwid.consul.transport.AbstractHttpTransport.makeGetRequest(AbstractHttpTransport.java:36) ~[consul-api-1.4.5.jar:na]
	at com.ecwid.consul.v1.ConsulRawClient.makeGetRequest(ConsulRawClient.java:139) ~[consul-api-1.4.5.jar:na]
	at com.ecwid.consul.v1.catalog.CatalogConsulClient.getCatalogServices(CatalogConsulClient.java:143) ~[consul-api-1.4.5.jar:na]
	at com.ecwid.consul.v1.ConsulClient.getCatalogServices(ConsulClient.java:400) ~[consul-api-1.4.5.jar:na]
	at org.springframework.cloud.consul.discovery.ConsulCatalogWatch.catalogServicesWatch(ConsulCatalogWatch.java:130) ~[spring-cloud-consul-discovery-4.0.1.jar:4.0.1]
	at org.springframework.scheduling.support.DelegatingErrorHandlingRunnable.run(DelegatingErrorHandlingRunnable.java:54) ~[spring-context-6.0.6.jar:6.0.6]
	at java.base/java.util.concurrent.Executors$RunnableAdapter.call(Executors.java:539) ~[na:na]
	at java.base/java.util.concurrent.FutureTask.runAndReset(FutureTask.java:305) ~[na:na]
	at java.base/java.util.concurrent.ScheduledThreadPoolExecutor$ScheduledFutureTask.run(ScheduledThreadPoolExecutor.java:305) ~[na:na]
	at java.base/java.util.concurrent.ThreadPoolExecutor.runWorker(ThreadPoolExecutor.java:1136) ~[na:na]
	at java.base/java.util.concurrent.ThreadPoolExecutor$Worker.run(ThreadPoolExecutor.java:635) ~[na:na]
	at java.base/java.lang.Thread.run(Thread.java:833) ~[na:na]
Caused by: org.apache.http.conn.HttpHostConnectException: Connect to localhost:8500 [localhost/127.0.0.1, localhost/0:0:0:0:0:0:0:1] failed: Connection refused: no further information
	at org.apache.http.impl.conn.DefaultHttpClientConnectionOperator.connect(DefaultHttpClientConnectionOperator.java:156) ~[httpclient-4.5.14.jar:4.5.14]
	at org.apache.http.impl.conn.PoolingHttpClientConnectionManager.connect(PoolingHttpClientConnectionManager.java:376) ~[httpclient-4.5.14.jar:4.5.14]
	at org.apache.http.impl.execchain.MainClientExec.establishRoute(MainClientExec.java:393) ~[httpclient-4.5.14.jar:4.5.14]
	at org.apache.http.impl.execchain.MainClientExec.execute(MainClientExec.java:236) ~[httpclient-4.5.14.jar:4.5.14]
	at org.apache.http.impl.execchain.ProtocolExec.execute(ProtocolExec.java:186) ~[httpclient-4.5.14.jar:4.5.14]
	at org.apache.http.impl.execchain.RetryExec.execute(RetryExec.java:89) ~[httpclient-4.5.14.jar:4.5.14]
	at org.apache.http.impl.execchain.RedirectExec.execute(RedirectExec.java:110) ~[httpclient-4.5.14.jar:4.5.14]
	at org.apache.http.impl.client.InternalHttpClient.doExecute(InternalHttpClient.java:185) ~[httpclient-4.5.14.jar:4.5.14]
	at org.apache.http.impl.client.CloseableHttpClient.execute(CloseableHttpClient.java:72) ~[httpclient-4.5.14.jar:4.5.14]
	at org.apache.http.impl.client.CloseableHttpClient.execute(CloseableHttpClient.java:221) ~[httpclient-4.5.14.jar:4.5.14]
	at org.apache.http.impl.client.CloseableHttpClient.execute(CloseableHttpClient.java:165) ~[httpclient-4.5.14.jar:4.5.14]
	at org.apache.http.impl.client.CloseableHttpClient.execute(CloseableHttpClient.java:140) ~[httpclient-4.5.14.jar:4.5.14]
	at com.ecwid.consul.transport.AbstractHttpTransport.executeRequest(AbstractHttpTransport.java:70) ~[consul-api-1.4.5.jar:na]
	... 12 common frames omitted
Caused by: java.net.ConnectException: Connection refused: no further information
	at java.base/sun.nio.ch.Net.pollConnect(Native Method) ~[na:na]
	at java.base/sun.nio.ch.Net.pollConnectNow(Net.java:672) ~[na:na]
	at java.base/sun.nio.ch.NioSocketImpl.timedFinishConnect(NioSocketImpl.java:542) ~[na:na]
	at java.base/sun.nio.ch.NioSocketImpl.connect(NioSocketImpl.java:597) ~[na:na]
	at java.base/java.net.SocksSocketImpl.connect(SocksSocketImpl.java:327) ~[na:na]
	at java.base/java.net.Socket.connect(Socket.java:633) ~[na:na]
	at org.apache.http.conn.socket.PlainConnectionSocketFactory.connectSocket(PlainConnectionSocketFactory.java:75) ~[httpclient-4.5.14.jar:4.5.14]
	at org.apache.http.impl.conn.DefaultHttpClientConnectionOperator.connect(DefaultHttpClientConnectionOperator.java:142) ~[httpclient-4.5.14.jar:4.5.14]
	... 24 common frames omitted

2023-04-10T14:42:07.725+05:30  INFO 10032 --- [main] .a.PhysicianAvailabilityApplicationTests : Started PhysicianAvailabilityApplicationTests in 16.645 seconds (process running for 19.543)
2023-04-10T14:42:07.928+05:30  INFO 10032 --- [main] o.s.b.t.m.w.SpringBootMockServletContext : Initializing Spring TestDispatcherServlet ''
2023-04-10T14:42:07.929+05:30  INFO 10032 --- [main] o.s.t.web.servlet.TestDispatcherServlet  : Initializing Servlet ''
2023-04-10T14:42:07.936+05:30  INFO 10032 --- [main] o.s.t.web.servlet.TestDispatcherServlet  : Completed initialization in 5 ms
2023-04-10T14:42:08.048+05:30  INFO 10032 --- [main] c.c.a.c.PhysicianAvailabilityControllers : Physician Availability list fetched successfully
2023-04-10T14:42:08.247+05:30  INFO 10032 --- [main] o.s.b.t.m.w.SpringBootMockServletContext : Initializing Spring TestDispatcherServlet ''
2023-04-10T14:42:08.248+05:30  INFO 10032 --- [main] o.s.t.web.servlet.TestDispatcherServlet  : Initializing Servlet ''
2023-04-10T14:42:08.252+05:30  INFO 10032 --- [main] o.s.t.web.servlet.TestDispatcherServlet  : Completed initialization in 4 ms
2023-04-10T14:42:08.318+05:30  INFO 10032 --- [main] c.c.a.c.PhysicianAvailabilityControllers : Physician availability updated successfully
2023-04-10T14:42:08.335+05:30  INFO 10032 --- [main] o.s.b.t.m.w.SpringBootMockServletContext : Initializing Spring TestDispatcherServlet ''
2023-04-10T14:42:08.336+05:30  INFO 10032 --- [main] o.s.t.web.servlet.TestDispatcherServlet  : Initializing Servlet ''
2023-04-10T14:42:08.342+05:30  INFO 10032 --- [main] o.s.t.web.servlet.TestDispatcherServlet  : Completed initialization in 4 ms
2023-04-10T14:42:08.350+05:30  INFO 10032 --- [main] c.c.a.c.PhysicianAvailabilityControllers : Available physician fetched successfully
2023-04-10T14:42:08.366+05:30  INFO 10032 --- [main] o.s.b.t.m.w.SpringBootMockServletContext : Initializing Spring TestDispatcherServlet ''
2023-04-10T14:42:08.367+05:30  INFO 10032 --- [main] o.s.t.web.servlet.TestDispatcherServlet  : Initializing Servlet ''
2023-04-10T14:42:08.369+05:30  INFO 10032 --- [main] o.s.t.web.servlet.TestDispatcherServlet  : Completed initialization in 2 ms
2023-04-10T14:42:08.395+05:30  INFO 10032 --- [main] o.s.b.t.m.w.SpringBootMockServletContext : Initializing Spring TestDispatcherServlet ''
2023-04-10T14:42:08.395+05:30  INFO 10032 --- [main] o.s.t.web.servlet.TestDispatcherServlet  : Initializing Servlet ''
2023-04-10T14:42:08.399+05:30  INFO 10032 --- [main] o.s.t.web.servlet.TestDispatcherServlet  : Completed initialization in 3 ms
2023-04-10T14:42:08.403+05:30  INFO 10032 --- [main] c.c.a.c.PhysicianAvailabilityControllers : Physician availability deleted successfully
2023-04-10T14:42:08.415+05:30  INFO 10032 --- [main] o.s.b.t.m.w.SpringBootMockServletContext : Initializing Spring TestDispatcherServlet ''
2023-04-10T14:42:08.416+05:30  INFO 10032 --- [main] o.s.t.web.servlet.TestDispatcherServlet  : Initializing Servlet ''
2023-04-10T14:42:08.420+05:30  INFO 10032 --- [main] o.s.t.web.servlet.TestDispatcherServlet  : Completed initialization in 2 ms
2023-04-10T14:42:08.538+05:30  INFO 10032 --- [SpringApplicationShutdownHook] j.LocalContainerEntityManagerFactoryBean : Closing JPA EntityManagerFactory for persistence unit 'default'
2023-04-10T14:42:08.542+05:30  INFO 10032 --- [SpringApplicationShutdownHook] com.zaxxer.hikari.HikariDataSource       : HikariPool-1 - Shutdown initiated...
2023-04-10T14:42:08.561+05:30  INFO 10032 --- [SpringApplicationShutdownHook] com.zaxxer.hikari.HikariDataSource       : HikariPool-1 - Shutdown completed.
2023-04-10T14:43:55.824+05:30  INFO 17932 --- [main] .a.PhysicianAvailabilityApplicationTests : Starting PhysicianAvailabilityApplicationTests using Java 17.0.6 with PID 17932 (started by SANGEETHA in C:\Users\SANGEETHA\Desktop\PMS\Microservices\g3-physician-availability-service)
2023-04-10T14:43:55.830+05:30  INFO 17932 --- [main] .a.PhysicianAvailabilityApplicationTests : No active profile set, falling back to 1 default profile: "default"
2023-04-10T14:43:57.701+05:30  INFO 17932 --- [main] .s.d.r.c.RepositoryConfigurationDelegate : Bootstrapping Spring Data JPA repositories in DEFAULT mode.
2023-04-10T14:43:58.113+05:30  INFO 17932 --- [main] .s.d.r.c.RepositoryConfigurationDelegate : Finished Spring Data repository scanning in 398 ms. Found 2 JPA repository interfaces.
2023-04-10T14:43:59.334+05:30  INFO 17932 --- [main] o.s.cloud.context.scope.GenericScope     : BeanFactory id=fc938cf4-8a29-33ab-8889-ecfc8addbce2
2023-04-10T14:44:00.582+05:30  INFO 17932 --- [main] trationDelegate$BeanPostProcessorChecker : Bean 'org.springframework.ws.config.annotation.DelegatingWsConfiguration' of type [org.springframework.ws.config.annotation.DelegatingWsConfiguration$$SpringCGLIB$$0] is not eligible for getting processed by all BeanPostProcessors (for example: not eligible for auto-proxying)
2023-04-10T14:44:00.672+05:30  INFO 17932 --- [main] .w.s.a.s.AnnotationActionEndpointMapping : Supporting [WS-Addressing August 2004, WS-Addressing 1.0]
2023-04-10T14:44:01.019+05:30  INFO 17932 --- [main] o.hibernate.jpa.internal.util.LogHelper  : HHH000204: Processing PersistenceUnitInfo [name: default]
2023-04-10T14:44:01.153+05:30  INFO 17932 --- [main] org.hibernate.Version                    : HHH000412: Hibernate ORM core version 6.1.7.Final
2023-04-10T14:44:01.506+05:30  INFO 17932 --- [main] com.zaxxer.hikari.HikariDataSource       : HikariPool-1 - Starting...
2023-04-10T14:44:01.899+05:30  INFO 17932 --- [main] com.zaxxer.hikari.pool.HikariPool        : HikariPool-1 - Added connection com.mysql.cj.jdbc.ConnectionImpl@299dd381
2023-04-10T14:44:01.904+05:30  INFO 17932 --- [main] com.zaxxer.hikari.HikariDataSource       : HikariPool-1 - Start completed.
2023-04-10T14:44:02.039+05:30  INFO 17932 --- [main] SQL dialect                              : HHH000400: Using dialect: org.hibernate.dialect.MySQLDialect
2023-04-10T14:44:03.498+05:30  INFO 17932 --- [main] o.h.e.t.j.p.i.JtaPlatformInitiator       : HHH000490: Using JtaPlatform implementation: [org.hibernate.engine.transaction.jta.platform.internal.NoJtaPlatform]
2023-04-10T14:44:03.528+05:30  INFO 17932 --- [main] j.LocalContainerEntityManagerFactoryBean : Initialized JPA EntityManagerFactory for persistence unit 'default'
2023-04-10T14:44:04.436+05:30  WARN 17932 --- [main] JpaBaseConfiguration$JpaWebConfiguration : spring.jpa.open-in-view is enabled by default. Therefore, database queries may be performed during view rendering. Explicitly configure spring.jpa.open-in-view to disable this warning
2023-04-10T14:44:06.879+05:30  INFO 17932 --- [main] o.s.cloud.commons.util.InetUtils         : Cannot determine local hostname
2023-04-10T14:44:08.298+05:30  INFO 17932 --- [main] o.s.cloud.commons.util.InetUtils         : Cannot determine local hostname
2023-04-10T14:44:08.645+05:30  WARN 17932 --- [main] iguration$LoadBalancerCaffeineWarnLogger : Spring Cloud LoadBalancer is currently working with the default cache. While this cache implementation is useful for development and tests, it's recommended to use Caffeine cache in production.You can switch to using Caffeine cache, by adding it and org.springframework.cache.caffeine.CaffeineCacheManager to the classpath.
2023-04-10T14:44:08.674+05:30  INFO 17932 --- [main] o.s.b.a.e.web.EndpointLinksResolver      : Exposing 1 endpoint(s) beneath base path '/actuator'
2023-04-10T14:44:08.864+05:30 ERROR 17932 --- [catalogWatchTaskScheduler-1] o.s.c.c.discovery.ConsulDiscoveryClient  : Error watching Consul CatalogServices

com.ecwid.consul.transport.TransportException: org.apache.http.conn.HttpHostConnectException: Connect to localhost:8500 [localhost/127.0.0.1, localhost/0:0:0:0:0:0:0:1] failed: Connection refused: no further information
	at com.ecwid.consul.transport.AbstractHttpTransport.executeRequest(AbstractHttpTransport.java:83) ~[consul-api-1.4.5.jar:na]
	at com.ecwid.consul.transport.AbstractHttpTransport.makeGetRequest(AbstractHttpTransport.java:36) ~[consul-api-1.4.5.jar:na]
	at com.ecwid.consul.v1.ConsulRawClient.makeGetRequest(ConsulRawClient.java:139) ~[consul-api-1.4.5.jar:na]
	at com.ecwid.consul.v1.catalog.CatalogConsulClient.getCatalogServices(CatalogConsulClient.java:143) ~[consul-api-1.4.5.jar:na]
	at com.ecwid.consul.v1.ConsulClient.getCatalogServices(ConsulClient.java:400) ~[consul-api-1.4.5.jar:na]
	at org.springframework.cloud.consul.discovery.ConsulCatalogWatch.catalogServicesWatch(ConsulCatalogWatch.java:130) ~[spring-cloud-consul-discovery-4.0.1.jar:4.0.1]
	at org.springframework.scheduling.support.DelegatingErrorHandlingRunnable.run(DelegatingErrorHandlingRunnable.java:54) ~[spring-context-6.0.6.jar:6.0.6]
	at java.base/java.util.concurrent.Executors$RunnableAdapter.call(Executors.java:539) ~[na:na]
	at java.base/java.util.concurrent.FutureTask.runAndReset(FutureTask.java:305) ~[na:na]
	at java.base/java.util.concurrent.ScheduledThreadPoolExecutor$ScheduledFutureTask.run(ScheduledThreadPoolExecutor.java:305) ~[na:na]
	at java.base/java.util.concurrent.ThreadPoolExecutor.runWorker(ThreadPoolExecutor.java:1136) ~[na:na]
	at java.base/java.util.concurrent.ThreadPoolExecutor$Worker.run(ThreadPoolExecutor.java:635) ~[na:na]
	at java.base/java.lang.Thread.run(Thread.java:833) ~[na:na]
Caused by: org.apache.http.conn.HttpHostConnectException: Connect to localhost:8500 [localhost/127.0.0.1, localhost/0:0:0:0:0:0:0:1] failed: Connection refused: no further information
	at org.apache.http.impl.conn.DefaultHttpClientConnectionOperator.connect(DefaultHttpClientConnectionOperator.java:156) ~[httpclient-4.5.14.jar:4.5.14]
	at org.apache.http.impl.conn.PoolingHttpClientConnectionManager.connect(PoolingHttpClientConnectionManager.java:376) ~[httpclient-4.5.14.jar:4.5.14]
	at org.apache.http.impl.execchain.MainClientExec.establishRoute(MainClientExec.java:393) ~[httpclient-4.5.14.jar:4.5.14]
	at org.apache.http.impl.execchain.MainClientExec.execute(MainClientExec.java:236) ~[httpclient-4.5.14.jar:4.5.14]
	at org.apache.http.impl.execchain.ProtocolExec.execute(ProtocolExec.java:186) ~[httpclient-4.5.14.jar:4.5.14]
	at org.apache.http.impl.execchain.RetryExec.execute(RetryExec.java:89) ~[httpclient-4.5.14.jar:4.5.14]
	at org.apache.http.impl.execchain.RedirectExec.execute(RedirectExec.java:110) ~[httpclient-4.5.14.jar:4.5.14]
	at org.apache.http.impl.client.InternalHttpClient.doExecute(InternalHttpClient.java:185) ~[httpclient-4.5.14.jar:4.5.14]
	at org.apache.http.impl.client.CloseableHttpClient.execute(CloseableHttpClient.java:72) ~[httpclient-4.5.14.jar:4.5.14]
	at org.apache.http.impl.client.CloseableHttpClient.execute(CloseableHttpClient.java:221) ~[httpclient-4.5.14.jar:4.5.14]
	at org.apache.http.impl.client.CloseableHttpClient.execute(CloseableHttpClient.java:165) ~[httpclient-4.5.14.jar:4.5.14]
	at org.apache.http.impl.client.CloseableHttpClient.execute(CloseableHttpClient.java:140) ~[httpclient-4.5.14.jar:4.5.14]
	at com.ecwid.consul.transport.AbstractHttpTransport.executeRequest(AbstractHttpTransport.java:70) ~[consul-api-1.4.5.jar:na]
	... 12 common frames omitted
Caused by: java.net.ConnectException: Connection refused: no further information
	at java.base/sun.nio.ch.Net.pollConnect(Native Method) ~[na:na]
	at java.base/sun.nio.ch.Net.pollConnectNow(Net.java:672) ~[na:na]
	at java.base/sun.nio.ch.NioSocketImpl.timedFinishConnect(NioSocketImpl.java:542) ~[na:na]
	at java.base/sun.nio.ch.NioSocketImpl.connect(NioSocketImpl.java:597) ~[na:na]
	at java.base/java.net.SocksSocketImpl.connect(SocksSocketImpl.java:327) ~[na:na]
	at java.base/java.net.Socket.connect(Socket.java:633) ~[na:na]
	at org.apache.http.conn.socket.PlainConnectionSocketFactory.connectSocket(PlainConnectionSocketFactory.java:75) ~[httpclient-4.5.14.jar:4.5.14]
	at org.apache.http.impl.conn.DefaultHttpClientConnectionOperator.connect(DefaultHttpClientConnectionOperator.java:142) ~[httpclient-4.5.14.jar:4.5.14]
	... 24 common frames omitted

2023-04-10T14:44:08.891+05:30  INFO 17932 --- [main] .a.PhysicianAvailabilityApplicationTests : Started PhysicianAvailabilityApplicationTests in 16.375 seconds (process running for 18.867)
2023-04-10T14:44:09.123+05:30  INFO 17932 --- [main] o.s.b.t.m.w.SpringBootMockServletContext : Initializing Spring TestDispatcherServlet ''
2023-04-10T14:44:09.124+05:30  INFO 17932 --- [main] o.s.t.web.servlet.TestDispatcherServlet  : Initializing Servlet ''
2023-04-10T14:44:09.128+05:30  INFO 17932 --- [main] o.s.t.web.servlet.TestDispatcherServlet  : Completed initialization in 3 ms
2023-04-10T14:44:09.256+05:30  INFO 17932 --- [main] c.c.a.c.PhysicianAvailabilityControllers : Physician Availability list fetched successfully
2023-04-10T14:44:09.474+05:30  INFO 17932 --- [main] o.s.b.t.m.w.SpringBootMockServletContext : Initializing Spring TestDispatcherServlet ''
2023-04-10T14:44:09.474+05:30  INFO 17932 --- [main] o.s.t.web.servlet.TestDispatcherServlet  : Initializing Servlet ''
2023-04-10T14:44:09.477+05:30  INFO 17932 --- [main] o.s.t.web.servlet.TestDispatcherServlet  : Completed initialization in 2 ms
2023-04-10T14:44:09.550+05:30  INFO 17932 --- [main] c.c.a.c.PhysicianAvailabilityControllers : Physician availability updated successfully
2023-04-10T14:44:09.569+05:30  INFO 17932 --- [main] o.s.b.t.m.w.SpringBootMockServletContext : Initializing Spring TestDispatcherServlet ''
2023-04-10T14:44:09.569+05:30  INFO 17932 --- [main] o.s.t.web.servlet.TestDispatcherServlet  : Initializing Servlet ''
2023-04-10T14:44:09.572+05:30  INFO 17932 --- [main] o.s.t.web.servlet.TestDispatcherServlet  : Completed initialization in 2 ms
2023-04-10T14:44:09.579+05:30  INFO 17932 --- [main] c.c.a.c.PhysicianAvailabilityControllers : Available physician fetched successfully
2023-04-10T14:44:09.594+05:30  INFO 17932 --- [main] o.s.b.t.m.w.SpringBootMockServletContext : Initializing Spring TestDispatcherServlet ''
2023-04-10T14:44:09.594+05:30  INFO 17932 --- [main] o.s.t.web.servlet.TestDispatcherServlet  : Initializing Servlet ''
2023-04-10T14:44:09.598+05:30  INFO 17932 --- [main] o.s.t.web.servlet.TestDispatcherServlet  : Completed initialization in 3 ms
2023-04-10T14:44:09.624+05:30  INFO 17932 --- [main] o.s.b.t.m.w.SpringBootMockServletContext : Initializing Spring TestDispatcherServlet ''
2023-04-10T14:44:09.625+05:30  INFO 17932 --- [main] o.s.t.web.servlet.TestDispatcherServlet  : Initializing Servlet ''
2023-04-10T14:44:09.627+05:30  INFO 17932 --- [main] o.s.t.web.servlet.TestDispatcherServlet  : Completed initialization in 2 ms
2023-04-10T14:44:09.632+05:30  INFO 17932 --- [main] c.c.a.c.PhysicianAvailabilityControllers : Physician availability deleted successfully
2023-04-10T14:44:09.643+05:30  INFO 17932 --- [main] o.s.b.t.m.w.SpringBootMockServletContext : Initializing Spring TestDispatcherServlet ''
2023-04-10T14:44:09.644+05:30  INFO 17932 --- [main] o.s.t.web.servlet.TestDispatcherServlet  : Initializing Servlet ''
2023-04-10T14:44:09.646+05:30  INFO 17932 --- [main] o.s.t.web.servlet.TestDispatcherServlet  : Completed initialization in 2 ms
2023-04-10T14:44:09.785+05:30  INFO 17932 --- [SpringApplicationShutdownHook] j.LocalContainerEntityManagerFactoryBean : Closing JPA EntityManagerFactory for persistence unit 'default'
2023-04-10T14:44:09.790+05:30  INFO 17932 --- [SpringApplicationShutdownHook] com.zaxxer.hikari.HikariDataSource       : HikariPool-1 - Shutdown initiated...
2023-04-10T14:44:09.805+05:30  INFO 17932 --- [SpringApplicationShutdownHook] com.zaxxer.hikari.HikariDataSource       : HikariPool-1 - Shutdown completed.
